<?xml version="1.0" encoding="UTF-8"?>
<!-- Generated by org.testng.reporters.JUnitXMLReporter -->
<testsuite ignored="0" hostname="DESKTOP-PI926O8" failures="0" tests="4" name="Test" time="18.892" errors="0" timestamp="2023-04-06T11:04:28 IST">
  <testcase classname="test_class.Get_tc1" name="orchestrator" time="9.582"/>
  <testcase classname="test_class.Patch_tc1" name="orchestrator" time="4.6"/>
  <testcase classname="test_class.Put_tc1" name="orchestrator" time="2.023"/>
  <testcase classname="test_class.Post_tc1" name="orchestrator" time="1.909"/>
</testsuite> <!-- Test -->
