<?xml version="1.0" encoding="UTF-8"?>
<testng-results ignored="0" total="4" passed="4" failed="0" skipped="0">
  <reporter-output>
  </reporter-output>
  <suite started-at="2023-04-06T11:04:09 IST" name="Suite" finished-at="2023-04-06T11:04:28 IST" duration-ms="18892">
    <groups>
    </groups>
    <test started-at="2023-04-06T11:04:09 IST" name="Test" finished-at="2023-04-06T11:04:28 IST" duration-ms="18892">
      <class name="test_class.Post_tc1">
        <test-method signature="orchestrator()[pri:0, instance:test_class.Post_tc1@71329995]" started-at="2023-04-06T11:04:26 IST" name="orchestrator" finished-at="2023-04-06T11:04:28 IST" duration-ms="1909" status="PASS">
          <reporter-output>
          </reporter-output>
        </test-method> <!-- orchestrator -->
      </class> <!-- test_class.Post_tc1 -->
      <class name="test_class.Put_tc1">
        <test-method signature="orchestrator()[pri:0, instance:test_class.Put_tc1@119cbf96]" started-at="2023-04-06T11:04:24 IST" name="orchestrator" finished-at="2023-04-06T11:04:26 IST" duration-ms="2023" status="PASS">
          <reporter-output>
          </reporter-output>
        </test-method> <!-- orchestrator -->
      </class> <!-- test_class.Put_tc1 -->
      <class name="test_class.Patch_tc1">
        <test-method signature="orchestrator()[pri:0, instance:test_class.Patch_tc1@6f19ac19]" started-at="2023-04-06T11:04:20 IST" name="orchestrator" finished-at="2023-04-06T11:04:24 IST" duration-ms="4600" status="PASS">
          <reporter-output>
          </reporter-output>
        </test-method> <!-- orchestrator -->
      </class> <!-- test_class.Patch_tc1 -->
      <class name="test_class.Get_tc1">
        <test-method signature="orchestrator()[pri:0, instance:test_class.Get_tc1@38ba6ce3]" started-at="2023-04-06T11:04:10 IST" name="orchestrator" finished-at="2023-04-06T11:04:19 IST" duration-ms="9582" status="PASS">
          <reporter-output>
          </reporter-output>
        </test-method> <!-- orchestrator -->
      </class> <!-- test_class.Get_tc1 -->
    </test> <!-- Test -->
  </suite> <!-- Suite -->
</testng-results>
